<?xml version="1.0" encoding="UTF-8"?>
<!-- Generated by org.testng.reporters.JUnitXMLReporter -->
<testsuite hostname="DESKTOP-7DAQ3NU" name="Test" tests="3" failures="0" timestamp="22 Jan 2022 14:29:20 GMT" time="0.169" errors="0">
  <testcase name="@BeforeSuite launchURL" time="0.0" classname="dashboard.AssignLeave">
    <failure type="org.openqa.selenium.SessionNotCreatedException" message="session not created: This version of ChromeDriver only supports Chrome version 93
Current browser version is 97.0.4692.71 with binary path C:\Program Files (x86)\Google\Chrome\Application\chrome.exe
Build info: version: &amp;apos;3.141.59&amp;apos;, revision: &amp;apos;e82be7d358&amp;apos;, time: &amp;apos;2018-11-14T08:25:48&amp;apos;
System info: host: &amp;apos;DESKTOP-7DAQ3NU&amp;apos;, ip: &amp;apos;192.168.2.10&amp;apos;, os.name: &amp;apos;Windows 10&amp;apos;, os.arch: &amp;apos;amd64&amp;apos;, os.version: &amp;apos;10.0&amp;apos;, java.version: &amp;apos;1.8.0_281&amp;apos;
Driver info: driver.version: ChromeDriver
remote stacktrace: Backtrace:
	Ordinal0 [0x005FA2D3+2663123]
	Ordinal0 [0x0058A491+2204817]
	Ordinal0 [0x00472118+1057048]
	Ordinal0 [0x0049041A+1180698]
	Ordinal0 [0x0048C335+1164085]
	Ordinal0 [0x00489B7F+1153919]
	Ordinal0 [0x004B9D8F+1351055]
	Ordinal0 [0x004B99FA+1350138]
	Ordinal0 [0x004B589B+1333403]
	Ordinal0 [0x00491F74+1187700]
	Ordinal0 [0x00492DC9+1191369]
	GetHandleVerifier [0x007930D6+1610054]
	GetHandleVerifier [0x0083B53B+2299307]
	GetHandleVerifier [0x00688DA9+519705]
	GetHandleVerifier [0x00687759+513993]
	Ordinal0 [0x0059112D+2232621]
	Ordinal0 [0x005955F8+2250232]
	Ordinal0 [0x00595732+2250546]
	Ordinal0 [0x0059E591+2286993]
	BaseThreadInitThunk [0x76038494+36]
	RtlAreBitsSet [0x779841C8+136]
	RtlAreBitsSet [0x77984198+88]
">
      <![CDATA[org.openqa.selenium.SessionNotCreatedException: session not created: This version of ChromeDriver only supports Chrome version 93
Current browser version is 97.0.4692.71 with binary path C:\Program Files (x86)\Google\Chrome\Application\chrome.exe
Build info: version: '3.141.59', revision: 'e82be7d358', time: '2018-11-14T08:25:48'
System info: host: 'DESKTOP-7DAQ3NU', ip: '192.168.2.10', os.name: 'Windows 10', os.arch: 'amd64', os.version: '10.0', java.version: '1.8.0_281'
Driver info: driver.version: ChromeDriver
remote stacktrace: Backtrace:
	Ordinal0 [0x005FA2D3+2663123]
	Ordinal0 [0x0058A491+2204817]
	Ordinal0 [0x00472118+1057048]
	Ordinal0 [0x0049041A+1180698]
	Ordinal0 [0x0048C335+1164085]
	Ordinal0 [0x00489B7F+1153919]
	Ordinal0 [0x004B9D8F+1351055]
	Ordinal0 [0x004B99FA+1350138]
	Ordinal0 [0x004B589B+1333403]
	Ordinal0 [0x00491F74+1187700]
	Ordinal0 [0x00492DC9+1191369]
	GetHandleVerifier [0x007930D6+1610054]
	GetHandleVerifier [0x0083B53B+2299307]
	GetHandleVerifier [0x00688DA9+519705]
	GetHandleVerifier [0x00687759+513993]
	Ordinal0 [0x0059112D+2232621]
	Ordinal0 [0x005955F8+2250232]
	Ordinal0 [0x00595732+2250546]
	Ordinal0 [0x0059E591+2286993]
	BaseThreadInitThunk [0x76038494+36]
	RtlAreBitsSet [0x779841C8+136]
	RtlAreBitsSet [0x77984198+88]

	at org.openqa.selenium.remote.W3CHandshakeResponse.lambda$errorHandler$0(W3CHandshakeResponse.java:62)
	at org.openqa.selenium.remote.HandshakeResponse.lambda$getResponseFunction$0(HandshakeResponse.java:30)
	at org.openqa.selenium.remote.ProtocolHandshake.lambda$createSession$0(ProtocolHandshake.java:126)
	at java.util.stream.ReferencePipeline$3$1.accept(ReferencePipeline.java:193)
	at java.util.Spliterators$ArraySpliterator.tryAdvance(Spliterators.java:958)
	at java.util.stream.ReferencePipeline.forEachWithCancel(ReferencePipeline.java:126)
	at java.util.stream.AbstractPipeline.copyIntoWithCancel(AbstractPipeline.java:499)
	at java.util.stream.AbstractPipeline.copyInto(AbstractPipeline.java:486)
	at java.util.stream.AbstractPipeline.wrapAndCopyInto(AbstractPipeline.java:472)
	at java.util.stream.FindOps$FindOp.evaluateSequential(FindOps.java:152)
	at java.util.stream.AbstractPipeline.evaluate(AbstractPipeline.java:234)
	at java.util.stream.ReferencePipeline.findFirst(ReferencePipeline.java:464)
	at org.openqa.selenium.remote.ProtocolHandshake.createSession(ProtocolHandshake.java:128)
	at org.openqa.selenium.remote.ProtocolHandshake.createSession(ProtocolHandshake.java:74)
	at org.openqa.selenium.remote.HttpCommandExecutor.execute(HttpCommandExecutor.java:136)
	at org.openqa.selenium.remote.service.DriverCommandExecutor.execute(DriverCommandExecutor.java:83)
	at org.openqa.selenium.remote.RemoteWebDriver.execute(RemoteWebDriver.java:552)
	at org.openqa.selenium.remote.RemoteWebDriver.startSession(RemoteWebDriver.java:213)
	at org.openqa.selenium.remote.RemoteWebDriver.<init>(RemoteWebDriver.java:131)
	at org.openqa.selenium.chrome.ChromeDriver.<init>(ChromeDriver.java:181)
	at org.openqa.selenium.chrome.ChromeDriver.<init>(ChromeDriver.java:168)
	at org.openqa.selenium.chrome.ChromeDriver.<init>(ChromeDriver.java:123)
	at launchandlogin.LaunchURL.launchURL(LaunchURL.java:24)
... Removed 23 stack frames]]>
    </failure>
  </testcase> <!-- @BeforeSuite launchURL -->
  <testcase name="@BeforeTest logIn" time="0.0" classname="dashboard.AssignLeave">
    <skipped/>
  </testcase> <!-- @BeforeTest logIn -->
  <testcase name="@BeforeClass AssignLeave1" time="0.0" classname="dashboard.AssignLeave">
    <skipped/>
  </testcase> <!-- @BeforeClass AssignLeave1 -->
  <testcase name="testCase1" time="0.0" classname="dashboard.AssignLeave">
    <skipped/>
  </testcase> <!-- testCase1 -->
  <testcase name="assignLeave2" time="0.0" classname="dashboard.AssignLeave">
    <skipped/>
  </testcase> <!-- assignLeave2 -->
  <testcase name="testCase2" time="0.0" classname="dashboard.AssignLeave">
    <skipped/>
  </testcase> <!-- testCase2 -->
</testsuite> <!-- Test -->
